<?xml version="1.0" encoding="UTF-8" standalone="no"?>
<preflight name="519017.pdf">
  <executionTimeMS>3956</executionTimeMS>
  <isValid type="PDF/A1-b">false</isValid>
  <errors count="5195">
    <error count="88">
      <code>2.3</code>
      <details>Unexpected key in Graphic object definition, Unexpected 'OPI' Key</details>
    </error>
    <error count="1">
      <code>1.4.6</code>
      <details>Trailer Syntax error, ID is different in the first and the last trailer</details>
    </error>
    <error count="183">
      <code>2.4.2</code>
      <details>Invalid Color space, The operator "K" can't be used with RGB Profile</details>
    </error>
    <error count="1598">
      <code>2.4.2</code>
      <details>Invalid Color space, The operator "k" can't be used with RGB Profile</details>
    </error>
    <error count="421">
      <code>2.4.3</code>
      <details>Invalid Color space, The operator "f*" can't be used without Color Profile</details>
    </error>
    <error count="264">
      <code>2.4.3</code>
      <details>Invalid Color space, The operator "G" can't be used without Color Profile</details>
    </error>
    <error count="132">
      <code>2.4.3</code>
      <details>Invalid Color space, The operator "g" can't be used without Color Profile</details>
    </error>
    <error count="1623">
      <code>2.4.3</code>
      <details>Invalid Color space, The operator "f" can't be used without Color Profile</details>
    </error>
    <error count="792">
      <code>2.4.3</code>
      <details>Invalid Color space, DestOutputProfile is missing</details>
    </error>
    <error count="4">
      <code>2.4.1</code>
      <details>Invalid Color space, The operator "RG" can't be used with CMYK Profile</details>
    </error>
    <error count="4">
      <code>2.4.1</code>
      <details>Invalid Color space, The operator "rg" can't be used with CMYK Profile</details>
    </error>
    <error count="84">
      <code>3.1.4</code>
      <details>Invalid Font definition, The Charset entry is missing for the Type1 Subset</details>
    </error>
    <error count="1">
      <code>7.1</code>
      <details>Error on MetaData, Invalid array type, expecting Seq and found Bag</details>
    </error>
  </errors>
</preflight>
