<?xml version="1.0" encoding="UTF-8" standalone="no"?>
<preflight name="610378.pdf">
  <executionTimeMS>5941</executionTimeMS>
  <isValid type="PDF/A1-b">false</isValid>
  <errors count="318">
    <error count="3">
      <code>3.1.2</code>
      <details>Invalid Font definition, FontDescriptor is null or is a AFM Descriptor</details>
    </error>
    <error count="1">
      <code>3.1.3</code>
      <details>Invalid Font definition, FontFile entry is missing from FontDescriptor for Arial-ItalicMT</details>
    </error>
    <error count="1">
      <code>3.1.3</code>
      <details>Invalid Font definition, FontFile entry is missing from FontDescriptor for Arial-BoldItalicMT</details>
    </error>
    <error count="1">
      <code>3.1.3</code>
      <details>Invalid Font definition, FontFile entry is missing from FontDescriptor for TimesNewRomanPS-ItalicMT</details>
    </error>
    <error count="1">
      <code>3.1.3</code>
      <details>Invalid Font definition, FontFile entry is missing from FontDescriptor for TimesNewRomanPS-BoldItalicMT</details>
    </error>
    <error count="1">
      <code>3.1.3</code>
      <details>Invalid Font definition, FontFile entry is missing from FontDescriptor for TimesNewRomanPS-BoldMT</details>
    </error>
    <error count="1">
      <code>3.1.3</code>
      <details>Invalid Font definition, FontFile entry is missing from FontDescriptor for TimesNewRomanPSMT</details>
    </error>
    <error count="1">
      <code>3.1.3</code>
      <details>Invalid Font definition, FontFile entry is missing from FontDescriptor for ArialMT</details>
    </error>
    <error count="1">
      <code>3.1.3</code>
      <details>Invalid Font definition, FontFile entry is missing from FontDescriptor for Arial-BoldMT</details>
    </error>
    <error count="1">
      <code>7.1</code>
      <details>Error on MetaData, Expecting namespace 'adobe:ns:meta/' and found 'http://www.w3.org/1999/02/22-rdf-syntax-ns#'</details>
    </error>
    <error count="1">
      <code>1.0.2</code>
      <details>Syntax error, Array too long : 8935</details>
    </error>
    <error count="136">
      <code>2.3</code>
      <details>Unexpected key in Graphic object definition, No TR key expected in Extended graphics state</details>
    </error>
    <error count="3">
      <code>5.2.2</code>
      <details>Forbidden field in an annotation definition, Flags of Link annotation are invalid</details>
    </error>
    <error count="30">
      <code>1.2.5</code>
      <details>Body Syntax error, Stream length is invalide</details>
    </error>
    <error count="136">
      <code>2.4.3</code>
      <details>Invalid Color space, DestOutputProfile is missing</details>
    </error>
  </errors>
</preflight>
