<?xml version="1.0" encoding="UTF-8" standalone="no"?>
<preflight name="232922.pdf">
  <executionTimeMS>971</executionTimeMS>
  <isValid type="PDF/A1-b">false</isValid>
  <errors count="15">
    <error count="1">
      <code>3.1.1</code>
      <details>Invalid Font definition, Some required fields are missing from the Font dictionary.</details>
    </error>
    <error count="1">
      <code>3.1.2</code>
      <details>Invalid Font definition, FontDescriptor is null or is a AFM Descriptor</details>
    </error>
    <error count="1">
      <code>3.1.3</code>
      <details>Invalid Font definition, FontFile entry is missing from FontDescriptor for ArialMT</details>
    </error>
    <error count="1">
      <code>3.1.3</code>
      <details>Invalid Font definition, FontFile entry is missing from FontDescriptor for TimesNewRomanPS-BoldItalicMT</details>
    </error>
    <error count="1">
      <code>3.1.3</code>
      <details>Invalid Font definition, FontFile entry is missing from FontDescriptor for TimesNewRomanPS-ItalicMT</details>
    </error>
    <error count="1">
      <code>3.1.3</code>
      <details>Invalid Font definition, FontFile entry is missing from FontDescriptor for Arial-BoldMT</details>
    </error>
    <error count="1">
      <code>3.1.3</code>
      <details>Invalid Font definition, FontFile entry is missing from FontDescriptor for TimesNewRomanPS-BoldMT</details>
    </error>
    <error count="1">
      <code>3.1.3</code>
      <details>Invalid Font definition, FontFile entry is missing from FontDescriptor for TimesNewRomanPSMT</details>
    </error>
    <error count="4">
      <code>2.4.3</code>
      <details>Invalid Color space, The operator "f" can't be used without Color Profile</details>
    </error>
    <error count="1">
      <code>7.1</code>
      <details>Error on MetaData, Missing Metadata Key in catalog</details>
    </error>
    <error count="1">
      <code>1.1</code>
      <details>Body Syntax error, Second line must contains at least 4 bytes greater than 127</details>
    </error>
    <error count="1">
      <code>1.1</code>
      <details>Body Syntax error, First line must match %PDF-1.\d</details>
    </error>
  </errors>
</preflight>
