<?xml version="1.0" encoding="UTF-8" standalone="no"?>
<preflight name="174437.pdf">
  <executionTimeMS>5043</executionTimeMS>
  <isValid type="PDF/A1-b">false</isValid>
  <errors count="19927">
    <error count="1">
      <code>1.4.6</code>
      <details>Trailer Syntax error, ID is different in the first and the last trailer</details>
    </error>
    <error count="956">
      <code>1.2.1</code>
      <details>Body Syntax error, Single space expected</details>
    </error>
    <error count="303">
      <code>2.4.2</code>
      <details>Invalid Color space, The operator "K" can't be used with RGB Profile</details>
    </error>
    <error count="4164">
      <code>2.4.2</code>
      <details>Invalid Color space, The operator "k" can't be used with RGB Profile</details>
    </error>
    <error count="54">
      <code>2.4.3</code>
      <details>Invalid Color space, The operator "G" can't be used without Color Profile</details>
    </error>
    <error count="186">
      <code>2.4.3</code>
      <details>Invalid Color space, The operator "g" can't be used without Color Profile</details>
    </error>
    <error count="100">
      <code>2.4.3</code>
      <details>Invalid Color space, The operator "f*" can't be used without Color Profile</details>
    </error>
    <error count="11480">
      <code>2.4.3</code>
      <details>Invalid Color space, The operator "f" can't be used without Color Profile</details>
    </error>
    <error count="2420">
      <code>2.4.3</code>
      <details>Invalid Color space, DestOutputProfile is missing</details>
    </error>
    <error count="202">
      <code>2.3</code>
      <details>Unexpected key in Graphic object definition, Unexpected 'OPI' Key</details>
    </error>
    <error count="7">
      <code>2.3</code>
      <details>Unexpected key in Graphic object definition, No TR key expected in Extended graphics state</details>
    </error>
    <error count="1">
      <code>7.1</code>
      <details>Error on MetaData, Invalid array type, expecting Seq and found Bag</details>
    </error>
    <error count="53">
      <code>3.1.4</code>
      <details>Invalid Font definition, The Charset entry is missing for the Type1 Subset</details>
    </error>
  </errors>
</preflight>
