<?xml version="1.0" encoding="UTF-8" standalone="no"?>
<preflight name="237455.pdf">
  <executionTimeMS>3350</executionTimeMS>
  <isValid type="PDF/A1-b">false</isValid>
  <errors count="278">
    <error count="6">
      <code>3.1.1</code>
      <details>Invalid Font definition, Some required fields are missing from the Font dictionary.</details>
    </error>
    <error count="6">
      <code>3.1.2</code>
      <details>Invalid Font definition, FontDescriptor is null or is a AFM Descriptor</details>
    </error>
    <error count="1">
      <code>3.1.3</code>
      <details>Invalid Font definition, FontFile entry is missing from FontDescriptor for ArialNarrow</details>
    </error>
    <error count="1">
      <code>3.1.3</code>
      <details>Invalid Font definition, FontFile entry is missing from FontDescriptor for Garamond-Bold</details>
    </error>
    <error count="1">
      <code>3.1.3</code>
      <details>Invalid Font definition, FontFile entry is missing from FontDescriptor for BookAntiqua</details>
    </error>
    <error count="1">
      <code>3.1.3</code>
      <details>Invalid Font definition, FontFile entry is missing from FontDescriptor for BookAntiqua-Bold</details>
    </error>
    <error count="1">
      <code>3.1.3</code>
      <details>Invalid Font definition, FontFile entry is missing from FontDescriptor for BernhardModernBT-Bold</details>
    </error>
    <error count="1">
      <code>3.1.3</code>
      <details>Invalid Font definition, FontFile entry is missing from FontDescriptor for TimesNewRoman</details>
    </error>
    <error count="1">
      <code>3.1.3</code>
      <details>Invalid Font definition, FontFile entry is missing from FontDescriptor for Garamond</details>
    </error>
    <error count="1">
      <code>7.1</code>
      <details>Error on MetaData, Expecting namespace 'adobe:ns:meta/' and found 'http://www.w3.org/1999/02/22-rdf-syntax-ns#'</details>
    </error>
    <error count="101">
      <code>2.3</code>
      <details>Unexpected key in Graphic object definition, No TR key expected in Extended graphics state</details>
    </error>
    <error count="156">
      <code>1.2.5</code>
      <details>Body Syntax error, Stream length is invalide</details>
    </error>
    <error count="1">
      <code>2.4.3</code>
      <details>Invalid Color space, DestOutputProfile is missing</details>
    </error>
  </errors>
</preflight>
