<?xml version="1.0" encoding="UTF-8" standalone="no"?>
<preflight name="348638.pdf">
  <executionTimeMS>1856</executionTimeMS>
  <isValid type="PDF/A1-b">false</isValid>
  <errors count="300">
    <error count="1">
      <code>3.1.2</code>
      <details>Invalid Font definition, FontDescriptor is null or is a AFM Descriptor</details>
    </error>
    <error count="1">
      <code>3.1.3</code>
      <details>Invalid Font definition, FontFile entry is missing from FontDescriptor for TimesNewRomanPS-Bold</details>
    </error>
    <error count="1">
      <code>3.1.3</code>
      <details>Invalid Font definition, FontFile entry is missing from FontDescriptor for Goudy-Italic</details>
    </error>
    <error count="2">
      <code>3.1.3</code>
      <details>Invalid Font definition, FontFile entry is missing from FontDescriptor for Goudy</details>
    </error>
    <error count="2">
      <code>3.1.3</code>
      <details>Invalid Font definition, FontFile entry is missing from FontDescriptor for Goudy-Bold</details>
    </error>
    <error count="2">
      <code>3.1.3</code>
      <details>Invalid Font definition, FontFile entry is missing from FontDescriptor for Goudy-BoldItalic</details>
    </error>
    <error count="1">
      <code>3.1.3</code>
      <details>Invalid Font definition, FontFile entry is missing from FontDescriptor for Univers-Black</details>
    </error>
    <error count="2">
      <code>3.1.3</code>
      <details>Invalid Font definition, FontFile entry is missing from FontDescriptor for Univers</details>
    </error>
    <error count="1">
      <code>3.1.3</code>
      <details>Invalid Font definition, FontFile entry is missing from FontDescriptor for Utopia-Regular</details>
    </error>
    <error count="1">
      <code>7.11</code>
      <details>Error on MetaData</details>
    </error>
    <error count="8">
      <code>2.3</code>
      <details>Unexpected key in Graphic object definition, No TR key expected in Extended graphics state</details>
    </error>
    <error count="278">
      <code>1.2.1</code>
      <details>Body Syntax error, Single space expected</details>
    </error>
  </errors>
</preflight>
