<?xml version="1.0" encoding="UTF-8" standalone="no"?>
<preflight name="412730.pdf">
  <executionTimeMS>2044</executionTimeMS>
  <isValid type="PDF/A1-b">false</isValid>
  <errors count="604">
    <error count="1">
      <code>3.1.1</code>
      <details>Invalid Font definition, Some required fields are missing from the Font dictionary.</details>
    </error>
    <error count="3">
      <code>3.1.2</code>
      <details>Invalid Font definition, FontDescriptor is null or is a AFM Descriptor</details>
    </error>
    <error count="1">
      <code>3.1.3</code>
      <details>Invalid Font definition, FontFile entry is missing from FontDescriptor for TimesNewRoman,BoldItalic</details>
    </error>
    <error count="1">
      <code>3.1.3</code>
      <details>Invalid Font definition, FontFile entry is missing from FontDescriptor for TimesNewRoman,Italic</details>
    </error>
    <error count="1">
      <code>3.1.3</code>
      <details>Invalid Font definition, FontFile entry is missing from FontDescriptor for TimesNewRoman</details>
    </error>
    <error count="1">
      <code>3.1.3</code>
      <details>Invalid Font definition, FontFile entry is missing from FontDescriptor for Arial</details>
    </error>
    <error count="1">
      <code>3.1.3</code>
      <details>Invalid Font definition, FontFile entry is missing from FontDescriptor for TimesNewRoman,Bold</details>
    </error>
    <error count="1">
      <code>3.1.9</code>
      <details>Invalid Font definition</details>
    </error>
    <error count="1">
      <code>7.1</code>
      <details>Error on MetaData, Invalid array type, expecting Seq and found Bag</details>
    </error>
    <error count="1">
      <code>1.4.6</code>
      <details>Trailer Syntax error, ID is different in the first and the last trailer</details>
    </error>
    <error count="1">
      <code>3.1.11</code>
      <details>Invalid Font definition, The CIDSet entry is missing for the Composite Subset</details>
    </error>
    <error count="562">
      <code>1.2.1</code>
      <details>Body Syntax error, Single space expected</details>
    </error>
    <error count="4">
      <code>5.2.2</code>
      <details>Forbidden field in an annotation definition, Flags of Link annotation are invalid</details>
    </error>
    <error count="14">
      <code>2.4.3</code>
      <details>Invalid Color space, The operator "f" can't be used without Color Profile</details>
    </error>
    <error count="5">
      <code>2.4.3</code>
      <details>Invalid Color space, The operator "g" can't be used without Color Profile</details>
    </error>
    <error count="6">
      <code>2.4.3</code>
      <details>Invalid Color space, DestOutputProfile is missing</details>
    </error>
  </errors>
</preflight>
