<?xml version="1.0" encoding="UTF-8" standalone="no"?>
<preflight name="525646.pdf">
  <executionTimeMS>2822</executionTimeMS>
  <isValid type="PDF/A1-b">false</isValid>
  <errors count="5079">
    <error count="30">
      <code>2.3</code>
      <details>Unexpected key in Graphic object definition, Unexpected 'OPI' Key</details>
    </error>
    <error count="67">
      <code>2.4.2</code>
      <details>Invalid Color space, The operator "K" can't be used with RGB Profile</details>
    </error>
    <error count="1445">
      <code>2.4.2</code>
      <details>Invalid Color space, The operator "k" can't be used with RGB Profile</details>
    </error>
    <error count="30">
      <code>2.4.3</code>
      <details>Invalid Color space, The operator "f*" can't be used without Color Profile</details>
    </error>
    <error count="15">
      <code>2.4.3</code>
      <details>Invalid Color space, The operator "G" can't be used without Color Profile</details>
    </error>
    <error count="2773">
      <code>2.4.3</code>
      <details>Invalid Color space, The operator "f" can't be used without Color Profile</details>
    </error>
    <error count="216">
      <code>2.4.3</code>
      <details>Invalid Color space, The operator "g" can't be used without Color Profile</details>
    </error>
    <error count="212">
      <code>2.4.3</code>
      <details>Invalid Color space, DestOutputProfile is missing</details>
    </error>
    <error count="3">
      <code>2.4.1</code>
      <details>Invalid Color space, The operator "RG" can't be used with CMYK Profile</details>
    </error>
    <error count="78">
      <code>2.4.1</code>
      <details>Invalid Color space, The operator "rg" can't be used with CMYK Profile</details>
    </error>
    <error count="16">
      <code>3.1.4</code>
      <details>Invalid Font definition, The Charset entry is missing for the Type1 Subset</details>
    </error>
    <error count="193">
      <code>1.2.1</code>
      <details>Body Syntax error, Single space expected</details>
    </error>
    <error count="1">
      <code>7.3</code>
      <details>Error on MetaData, Cannot find a definition for the namespace http://ns.adobe.com/pdfx/1.3/</details>
    </error>
  </errors>
</preflight>
