<?xml version="1.0" encoding="UTF-8" standalone="no"?>
<preflight name="060080.pdf">
  <executionTimeMS>1698</executionTimeMS>
  <isValid type="PDF/A1-b">false</isValid>
  <errors count="159">
    <error count="5">
      <code>1.2.12</code>
      <details>Body Syntax error, This filter isn't defined in the PDF Reference Third Edition : JPXDecode</details>
    </error>
    <error count="1">
      <code>3.1.2</code>
      <details>Invalid Font definition, FontDescriptor is null or is a AFM Descriptor</details>
    </error>
    <error count="2">
      <code>3.1.3</code>
      <details>Invalid Font definition, FontFile entry is missing from FontDescriptor for TimesNewRomanPS-ItalicMT</details>
    </error>
    <error count="2">
      <code>3.1.3</code>
      <details>Invalid Font definition, FontFile entry is missing from FontDescriptor for ArialMT</details>
    </error>
    <error count="10">
      <code>3.1.3</code>
      <details>Invalid Font definition, FontFile entry is missing from FontDescriptor for TimesNewRomanPSMT</details>
    </error>
    <error count="2">
      <code>3.1.3</code>
      <details>Invalid Font definition, FontFile entry is missing from FontDescriptor for Arial-BoldMT</details>
    </error>
    <error count="3">
      <code>3.1.3</code>
      <details>Invalid Font definition, FontFile entry is missing from FontDescriptor for Times-Roman</details>
    </error>
    <error count="12">
      <code>3.1.3</code>
      <details>Invalid Font definition, FontFile entry is missing from FontDescriptor for Times-Bold</details>
    </error>
    <error count="10">
      <code>3.1.3</code>
      <details>Invalid Font definition, FontFile entry is missing from FontDescriptor for Times-BoldItalic</details>
    </error>
    <error count="1">
      <code>3.1.3</code>
      <details>Invalid Font definition, FontFile entry is missing from FontDescriptor for Trajan-Bold</details>
    </error>
    <error count="33">
      <code>2.3.2</code>
      <details>Unexpected key in Graphic object definition, Unexpected 'true' value for 'Interpolate' Key</details>
    </error>
    <error count="1">
      <code>7.1</code>
      <details>Error on MetaData, Invalid array type, expecting Seq and found Bag</details>
    </error>
    <error count="1">
      <code>1.0.6</code>
      <details>Syntax error, Invalid float range in a Number operands</details>
    </error>
    <error count="1">
      <code>1.4.6</code>
      <details>Trailer Syntax error, ID is different in the first and the last trailer</details>
    </error>
    <error count="75">
      <code>2.4.3</code>
      <details>Invalid Color space, The operator "B" can't be used without Color Profile</details>
    </error>
  </errors>
</preflight>
