<?xml version="1.0" encoding="UTF-8" standalone="no"?>
<preflight name="237431.pdf">
  <executionTimeMS>1643</executionTimeMS>
  <isValid type="PDF/A1-b">false</isValid>
  <errors count="236">
    <error count="1">
      <code>3.1.6</code>
      <details>Invalid Font definition, Width of the character "60" in the font program "ENBAGG+Symbol"is inconsistent with the width in the PDF dictionary.</details>
    </error>
    <error count="1">
      <code>3.1.6</code>
      <details>Invalid Font definition, Width of the character "62" in the font program "ENBAGG+Symbol"is inconsistent with the width in the PDF dictionary.</details>
    </error>
    <error count="1">
      <code>3.1.6</code>
      <details>Invalid Font definition, Width of the character "1" in the font program "ENBAGG+Symbol"is inconsistent with the width in the PDF dictionary.</details>
    </error>
    <error count="5">
      <code>3.1.6</code>
      <details>Invalid Font definition, Width of the character "181" in the font program "ENBAGG+Symbol"is inconsistent with the width in the PDF dictionary.</details>
    </error>
    <error count="1">
      <code>3.1.3</code>
      <details>Invalid Font definition, FontFile entry is missing from FontDescriptor for TimesNewRomanPS-ItalicMT</details>
    </error>
    <error count="1">
      <code>3.1.3</code>
      <details>Invalid Font definition, FontFile entry is missing from FontDescriptor for Arial-BoldMT</details>
    </error>
    <error count="1">
      <code>3.1.3</code>
      <details>Invalid Font definition, FontFile entry is missing from FontDescriptor for Arial-Black</details>
    </error>
    <error count="1">
      <code>3.1.3</code>
      <details>Invalid Font definition, FontFile entry is missing from FontDescriptor for TimesNewRomanPSMT</details>
    </error>
    <error count="1">
      <code>3.1.3</code>
      <details>Invalid Font definition, FontFile entry is missing from FontDescriptor for ArialMT</details>
    </error>
    <error count="1">
      <code>3.1.9</code>
      <details>Invalid Font definition</details>
    </error>
    <error count="1">
      <code>3.1.11</code>
      <details>Invalid Font definition, The CIDSet entry is missing for the Composite Subset</details>
    </error>
    <error count="1">
      <code>7.2</code>
      <details>Error on MetaData, CreatorTool present in the document catalog dictionary can't be found in XMP information (Property is not defined)</details>
    </error>
    <error count="1">
      <code>7.2</code>
      <details>Error on MetaData, Producer present in the document catalog dictionary can't be found in XMP information (PDF schema not declared)</details>
    </error>
    <error count="1">
      <code>7.2</code>
      <details>Error on MetaData, Author present in the document catalog dictionary can't be found in XMP information (Property is not defined in XMP Metadata)</details>
    </error>
    <error count="1">
      <code>7.2</code>
      <details>Error on MetaData, Title present in the document catalog dictionary can't be found in XMP information (Property is not defined)</details>
    </error>
    <error count="1">
      <code>7.11</code>
      <details>Error on MetaData</details>
    </error>
    <error count="12">
      <code>2.3</code>
      <details>Unexpected key in Graphic object definition, Unexpected 'OPI' Key</details>
    </error>
    <error count="100">
      <code>1.2.1</code>
      <details>Body Syntax error, Single space expected</details>
    </error>
    <error count="8">
      <code>2.4.2</code>
      <details>Invalid Color space, The operator "K" can't be used with RGB Profile</details>
    </error>
    <error count="53">
      <code>2.4.2</code>
      <details>Invalid Color space, The operator "k" can't be used with RGB Profile</details>
    </error>
    <error count="1">
      <code>1.4.6</code>
      <details>Trailer Syntax error, ID is different in the first and the last trailer</details>
    </error>
    <error count="30">
      <code>2.4.3</code>
      <details>Invalid Color space, The operator "f" can't be used without Color Profile</details>
    </error>
    <error count="12">
      <code>2.4.3</code>
      <details>Invalid Color space, DestOutputProfile is missing</details>
    </error>
  </errors>
</preflight>
