<?xml version="1.0" encoding="UTF-8" standalone="no"?>
<preflight name="023321.pdf">
  <executionTimeMS>1545</executionTimeMS>
  <isValid type="PDF/A1-b">false</isValid>
  <errors count="72">
    <error count="1">
      <code>3.1.6</code>
      <details>Invalid Font definition, Width of the character "1" in the font program "DGHMCB+MonotypeSorts"is inconsistent with the width in the PDF dictionary.</details>
    </error>
    <error count="8">
      <code>3.1.6</code>
      <details>Invalid Font definition, Width of the character "1" in the font program "FCCOHA+MonotypeSorts"is inconsistent with the width in the PDF dictionary.</details>
    </error>
    <error count="1">
      <code>3.1.6</code>
      <details>Invalid Font definition, Width of the character "17" in the font program "FCCNPJ+TextileRegular"is inconsistent with the width in the PDF dictionary.</details>
    </error>
    <error count="2">
      <code>3.1.1</code>
      <details>Invalid Font definition, Some required fields are missing from the Font dictionary.</details>
    </error>
    <error count="2">
      <code>3.1.2</code>
      <details>Invalid Font definition, FontDescriptor is null or is a AFM Descriptor</details>
    </error>
    <error count="1">
      <code>3.1.3</code>
      <details>Invalid Font definition, FontFile entry is missing from FontDescriptor for Palatino-BoldItalic</details>
    </error>
    <error count="2">
      <code>3.1.3</code>
      <details>Invalid Font definition, FontFile entry is missing from FontDescriptor for Palatino-Roman</details>
    </error>
    <error count="1">
      <code>3.1.3</code>
      <details>Invalid Font definition, FontFile entry is missing from FontDescriptor for Palatino-Bold</details>
    </error>
    <error count="2">
      <code>3.1.3</code>
      <details>Invalid Font definition, FontFile entry is missing from FontDescriptor for Palatino-Italic</details>
    </error>
    <error count="1">
      <code>7.1</code>
      <details>Error on MetaData, Missing Metadata Key in catalog</details>
    </error>
    <error count="15">
      <code>2.3</code>
      <details>Unexpected key in Graphic object definition, No TR key expected in Extended graphics state</details>
    </error>
    <error count="36">
      <code>1.2.5</code>
      <details>Body Syntax error, Stream length is invalide</details>
    </error>
  </errors>
</preflight>
