<?xml version="1.0" encoding="UTF-8" standalone="no"?>
<preflight name="938867.pdf">
  <executionTimeMS>2355</executionTimeMS>
  <isValid type="PDF/A1-b">false</isValid>
  <errors count="146">
    <error count="1">
      <code>1.1</code>
      <details>Body Syntax error, Second line must contains at least 4 bytes greater than 127</details>
    </error>
    <error count="2">
      <code>4.1.1</code>
      <details>Transparency error, SoftMask must be null or None</details>
    </error>
    <error count="2">
      <code>4.1.3</code>
      <details>Transparency error, BlendMode value isn't valid (only Normal and Compatible are authorized)</details>
    </error>
    <error count="2">
      <code>3.1.6</code>
      <details>Invalid Font definition, Width of the character "176" in the font program "Symbol"is inconsistent with the width in the PDF dictionary.</details>
    </error>
    <error count="4">
      <code>3.1.6</code>
      <details>Invalid Font definition, Width of the character "6" in the font program "Symbol"is inconsistent with the width in the PDF dictionary.</details>
    </error>
    <error count="4">
      <code>3.1.6</code>
      <details>Invalid Font definition, Width of the character "4" in the font program "Symbol"is inconsistent with the width in the PDF dictionary.</details>
    </error>
    <error count="2">
      <code>3.1.6</code>
      <details>Invalid Font definition, Width of the character "3" in the font program "Symbol"is inconsistent with the width in the PDF dictionary.</details>
    </error>
    <error count="2">
      <code>3.1.6</code>
      <details>Invalid Font definition, Width of the character "2" in the font program "Symbol"is inconsistent with the width in the PDF dictionary.</details>
    </error>
    <error count="6">
      <code>3.1.6</code>
      <details>Invalid Font definition, Width of the character "128" in the font program "Symbol"is inconsistent with the width in the PDF dictionary.</details>
    </error>
    <error count="10">
      <code>3.1.6</code>
      <details>Invalid Font definition, Width of the character "1" in the font program "Symbol"is inconsistent with the width in the PDF dictionary.</details>
    </error>
    <error count="1">
      <code>3.1.3</code>
      <details>Invalid Font definition, FontFile entry is missing from FontDescriptor for TimesNewRomanPS-ItalicMT</details>
    </error>
    <error count="1">
      <code>3.1.3</code>
      <details>Invalid Font definition, FontFile entry is missing from FontDescriptor for Times-BoldItalic</details>
    </error>
    <error count="1">
      <code>3.1.3</code>
      <details>Invalid Font definition, FontFile entry is missing from FontDescriptor for Helvetica</details>
    </error>
    <error count="1">
      <code>3.1.3</code>
      <details>Invalid Font definition, FontFile entry is missing from FontDescriptor for Times-Italic</details>
    </error>
    <error count="1">
      <code>3.1.3</code>
      <details>Invalid Font definition, FontFile entry is missing from FontDescriptor for Times-Roman</details>
    </error>
    <error count="1">
      <code>3.1.3</code>
      <details>Invalid Font definition, FontFile entry is missing from FontDescriptor for Times-Bold</details>
    </error>
    <error count="4">
      <code>2.3.2</code>
      <details>Unexpected key in Graphic object definition, Unexpected value 'COSName{FICL:RI_to_be_removed}' for ri operand. </details>
    </error>
    <error count="1">
      <code>3.1.9</code>
      <details>Invalid Font definition</details>
    </error>
    <error count="1">
      <code>3.1.11</code>
      <details>Invalid Font definition, The CIDSet entry is missing for the Composite Subset</details>
    </error>
    <error count="1">
      <code>7.1</code>
      <details>Error on MetaData, Missing Metadata Key in catalog</details>
    </error>
    <error count="25">
      <code>1.2.1</code>
      <details>Body Syntax error, EOL expected before the 'endobj' keyword</details>
    </error>
    <error count="34">
      <code>1.2.1</code>
      <details>Body Syntax error, Single space expected</details>
    </error>
    <error count="2">
      <code>1.2.2</code>
      <details>Body Syntax error, Expected 'EOL' before the endstream keyword</details>
    </error>
    <error count="10">
      <code>1.2.5</code>
      <details>Body Syntax error, Stream length is invalide</details>
    </error>
    <error count="12">
      <code>2.4.3</code>
      <details>Invalid Color space, The operator "G" can't be used without Color Profile</details>
    </error>
    <error count="12">
      <code>2.4.3</code>
      <details>Invalid Color space, The operator "g" can't be used without Color Profile</details>
    </error>
    <error count="3">
      <code>2.4.3</code>
      <details>Invalid Color space, DestOutputProfile is missing</details>
    </error>
  </errors>
</preflight>
