<?xml version="1.0" encoding="UTF-8" standalone="no"?>
<preflight name="935309.pdf">
  <executionTimeMS>4407</executionTimeMS>
  <isValid type="PDF/A1-b">false</isValid>
  <errors count="238">
    <error count="5">
      <code>4.1.2</code>
      <details>Transparency error, ca entry in a ExtGState  is invalid.</details>
    </error>
    <error count="5">
      <code>4.1.2</code>
      <details>Transparency error, CA entry in a ExtGState is invalid</details>
    </error>
    <error count="83">
      <code>4.1.1</code>
      <details>Transparency error, SoftMask must be null or None</details>
    </error>
    <error count="1">
      <code>3.1.6</code>
      <details>Invalid Font definition, Width of the character "101" in the font program "ZFRAJA+MyriadPro-Regular"is inconsistent with the width in the PDF dictionary.</details>
    </error>
    <error count="1">
      <code>3.1.6</code>
      <details>Invalid Font definition, Width of the character "111" in the font program "ZFRAJA+MyriadPro-Regular"is inconsistent with the width in the PDF dictionary.</details>
    </error>
    <error count="1">
      <code>3.1.6</code>
      <details>Invalid Font definition, Width of the character "104" in the font program "ZFRAJA+MyriadPro-Regular"is inconsistent with the width in the PDF dictionary.</details>
    </error>
    <error count="1">
      <code>3.1.6</code>
      <details>Invalid Font definition, Width of the character "32" in the font program "ZFRAJA+MyriadPro-Regular"is inconsistent with the width in the PDF dictionary.</details>
    </error>
    <error count="1">
      <code>3.1.6</code>
      <details>Invalid Font definition, Width of the character "45" in the font program "ZFRAJA+MyriadPro-Regular"is inconsistent with the width in the PDF dictionary.</details>
    </error>
    <error count="3">
      <code>3.1.6</code>
      <details>Invalid Font definition, Width of the character "116" in the font program "ZFRAJA+MyriadPro-Regular"is inconsistent with the width in the PDF dictionary.</details>
    </error>
    <error count="2">
      <code>3.1.6</code>
      <details>Invalid Font definition, Width of the character "97" in the font program "ZFRAJA+MyriadPro-Regular"is inconsistent with the width in the PDF dictionary.</details>
    </error>
    <error count="1">
      <code>3.1.6</code>
      <details>Invalid Font definition, Width of the character "71" in the font program "ZFRAJA+MyriadPro-Regular"is inconsistent with the width in the PDF dictionary.</details>
    </error>
    <error count="1">
      <code>3.1.6</code>
      <details>Invalid Font definition, Width of the character "32" in the font program "KGEOHE+TrajanPro-Regular"is inconsistent with the width in the PDF dictionary.</details>
    </error>
    <error count="2">
      <code>3.1.6</code>
      <details>Invalid Font definition, Width of the character "72" in the font program "ZFRAJA+MyriadPro-Regular"is inconsistent with the width in the PDF dictionary.</details>
    </error>
    <error count="2">
      <code>3.1.6</code>
      <details>Invalid Font definition, Width of the character "82" in the font program "ZFRAJA+MyriadPro-Regular"is inconsistent with the width in the PDF dictionary.</details>
    </error>
    <error count="3">
      <code>3.1.6</code>
      <details>Invalid Font definition, Width of the character "84" in the font program "ZFRAJA+MyriadPro-Regular"is inconsistent with the width in the PDF dictionary.</details>
    </error>
    <error count="1">
      <code>7.1.1</code>
      <details>Error on MetaData, No type defined for {http://ns.adobe.com/xap/1.0/mm/}Manifest</details>
    </error>
    <error count="3">
      <code>2.2.2</code>
      <details>Invalid Graphis transparency, Soft Mask must be null or None</details>
    </error>
    <error count="89">
      <code>2.2.1</code>
      <details>Invalid Graphis transparency, Group has a transparency S entry or the S entry is null.</details>
    </error>
    <error count="14">
      <code>2.4.3</code>
      <details>Invalid Color space, The operator "g" can't be used without Color Profile</details>
    </error>
    <error count="19">
      <code>2.4.3</code>
      <details>Invalid Color space, DestOutputProfile is missing</details>
    </error>
  </errors>
</preflight>
