<?xml version="1.0" encoding="UTF-8" standalone="no"?>
<preflight name="577726.pdf">
  <executionTimeMS>3375</executionTimeMS>
  <isValid type="PDF/A1-b">false</isValid>
  <errors count="6581">
    <error count="1">
      <code>2.3.2</code>
      <details>Unexpected key in Graphic object definition, Unexpected 'true' value for 'Interpolate' Key</details>
    </error>
    <error count="2691">
      <code>2.4.3</code>
      <details>Invalid Color space, The operator "f*" can't be used without Color Profile</details>
    </error>
    <error count="4">
      <code>2.4.3</code>
      <details>Invalid Color space, DestOutputProfile is missing</details>
    </error>
    <error count="208">
      <code>2.4.3</code>
      <details>Invalid Color space, The operator "G" can't be used without Color Profile</details>
    </error>
    <error count="208">
      <code>2.4.3</code>
      <details>Invalid Color space, The operator "g" can't be used without Color Profile</details>
    </error>
    <error count="1368">
      <code>2.4.1</code>
      <details>Invalid Color space, The operator "RG" can't be used with CMYK Profile</details>
    </error>
    <error count="1620">
      <code>2.4.1</code>
      <details>Invalid Color space, The operator "rg" can't be used with CMYK Profile</details>
    </error>
    <error count="67">
      <code>5.2.2</code>
      <details>Forbidden field in an annotation definition, Flags of Link annotation are invalid</details>
    </error>
    <error count="155">
      <code>1.2.1</code>
      <details>Body Syntax error, EOL expected before the 'endobj' keyword</details>
    </error>
    <error count="183">
      <code>1.2.1</code>
      <details>Body Syntax error, Single space expected</details>
    </error>
    <error count="37">
      <code>1.2.2</code>
      <details>Body Syntax error, Expected 'EOL' before the endstream keyword</details>
    </error>
    <error count="37">
      <code>1.2.5</code>
      <details>Body Syntax error, Stream length is invalide</details>
    </error>
    <error count="1">
      <code>1.1</code>
      <details>Body Syntax error, Second line must contains at least 4 bytes greater than 127</details>
    </error>
    <error count="1">
      <code>7.3</code>
      <details>Error on MetaData, Cannot find a definition for the namespace http://ns.adobe.com/pdfx/1.3/</details>
    </error>
  </errors>
</preflight>
