<?xml version="1.0" encoding="UTF-8" standalone="no"?>
<preflight name="503648.pdf">
  <executionTimeMS>3945</executionTimeMS>
  <isValid type="PDF/A1-b">false</isValid>
  <errors count="229">
    <error count="1">
      <code>3.1.1</code>
      <details>Invalid Font definition, Some required fields are missing from the Font dictionary.</details>
    </error>
    <error count="1">
      <code>3.1.2</code>
      <details>Invalid Font definition, FontDescriptor is null or is a AFM Descriptor</details>
    </error>
    <error count="1">
      <code>3.1.3</code>
      <details>Invalid Font definition, FontFile entry is missing from FontDescriptor for TimesNewRoman,BoldItalic</details>
    </error>
    <error count="1">
      <code>3.1.3</code>
      <details>Invalid Font definition, FontFile entry is missing from FontDescriptor for Arial,Bold</details>
    </error>
    <error count="1">
      <code>3.1.3</code>
      <details>Invalid Font definition, FontFile entry is missing from FontDescriptor for TimesNewRoman,Italic</details>
    </error>
    <error count="1">
      <code>3.1.3</code>
      <details>Invalid Font definition, FontFile entry is missing from FontDescriptor for Arial</details>
    </error>
    <error count="1">
      <code>3.1.3</code>
      <details>Invalid Font definition, FontFile entry is missing from FontDescriptor for TimesNewRoman,Bold</details>
    </error>
    <error count="1">
      <code>3.1.3</code>
      <details>Invalid Font definition, FontFile entry is missing from FontDescriptor for TimesNewRoman</details>
    </error>
    <error count="1">
      <code>7.1</code>
      <details>Error on MetaData, Expecting namespace 'adobe:ns:meta/' and found 'http://www.w3.org/1999/02/22-rdf-syntax-ns#'</details>
    </error>
    <error count="73">
      <code>2.3</code>
      <details>Unexpected key in Graphic object definition, No TR key expected in Extended graphics state</details>
    </error>
    <error count="68">
      <code>1.2.5</code>
      <details>Body Syntax error, Stream length is invalide</details>
    </error>
    <error count="79">
      <code>2.4.3</code>
      <details>Invalid Color space, DestOutputProfile is missing</details>
    </error>
  </errors>
</preflight>
