<?xml version="1.0" encoding="UTF-8" standalone="no"?>
<preflight name="669056.pdf">
  <executionTimeMS>4057</executionTimeMS>
  <isValid type="PDF/A1-b">false</isValid>
  <errors count="5325">
    <error count="3">
      <code>2.3</code>
      <details>Unexpected key in Graphic object definition, No TR key expected in Extended graphics state</details>
    </error>
    <error count="1">
      <code>1.4.6</code>
      <details>Trailer Syntax error, ID is different in the first and the last trailer</details>
    </error>
    <error count="192">
      <code>2.4.2</code>
      <details>Invalid Color space, The operator "K" can't be used with RGB Profile</details>
    </error>
    <error count="721">
      <code>2.4.2</code>
      <details>Invalid Color space, The operator "k" can't be used with RGB Profile</details>
    </error>
    <error count="54">
      <code>2.4.3</code>
      <details>Invalid Color space, The operator "f*" can't be used without Color Profile</details>
    </error>
    <error count="208">
      <code>2.4.3</code>
      <details>Invalid Color space, The operator "G" can't be used without Color Profile</details>
    </error>
    <error count="838">
      <code>2.4.3</code>
      <details>Invalid Color space, The operator "g" can't be used without Color Profile</details>
    </error>
    <error count="1816">
      <code>2.4.3</code>
      <details>Invalid Color space, The operator "f" can't be used without Color Profile</details>
    </error>
    <error count="143">
      <code>2.4.3</code>
      <details>Invalid Color space, DestOutputProfile is missing</details>
    </error>
    <error count="21">
      <code>3.1.4</code>
      <details>Invalid Font definition, The Charset entry is missing for the Type1 Subset</details>
    </error>
    <error count="1325">
      <code>1.2.1</code>
      <details>Body Syntax error, Single space expected</details>
    </error>
    <error count="1">
      <code>6.2.1</code>
      <details>Action is forbidden, FitPage isn't authorized as named action</details>
    </error>
    <error count="1">
      <code>6.2.1</code>
      <details>Action is forbidden, FitWidth isn't authorized as named action</details>
    </error>
    <error count="1">
      <code>7.3</code>
      <details>Error on MetaData, Cannot find a definition for the namespace http://ns.adobe.com/pdfx/1.3/</details>
    </error>
  </errors>
</preflight>
