<?xml version="1.0" encoding="UTF-8" standalone="no"?>
<preflight name="411423.pdf">
  <executionTimeMS>3939</executionTimeMS>
  <isValid type="PDF/A1-b">false</isValid>
  <errors count="411">
    <error count="1">
      <code>3.1.3</code>
      <details>Invalid Font definition, FontFile entry is missing from FontDescriptor for TimesNewRomanPS-ItalicMT</details>
    </error>
    <error count="2">
      <code>3.1.3</code>
      <details>Invalid Font definition, FontFile entry is missing from FontDescriptor for TimesNewRomanPS-BoldItalicMT</details>
    </error>
    <error count="2">
      <code>3.1.3</code>
      <details>Invalid Font definition, FontFile entry is missing from FontDescriptor for Arial-ItalicMT</details>
    </error>
    <error count="5">
      <code>3.1.3</code>
      <details>Invalid Font definition, FontFile entry is missing from FontDescriptor for Arial-BoldItalicMT</details>
    </error>
    <error count="4">
      <code>3.1.3</code>
      <details>Invalid Font definition, FontFile entry is missing from FontDescriptor for Arial-BoldMT</details>
    </error>
    <error count="3">
      <code>3.1.3</code>
      <details>Invalid Font definition, FontFile entry is missing from FontDescriptor for TimesNewRomanPS-BoldMT</details>
    </error>
    <error count="9">
      <code>3.1.3</code>
      <details>Invalid Font definition, FontFile entry is missing from FontDescriptor for TimesNewRomanPSMT</details>
    </error>
    <error count="9">
      <code>3.1.3</code>
      <details>Invalid Font definition, FontFile entry is missing from FontDescriptor for ArialMT</details>
    </error>
    <error count="19">
      <code>2.3.2</code>
      <details>Unexpected key in Graphic object definition, Unexpected 'true' value for 'Interpolate' Key</details>
    </error>
    <error count="1">
      <code>7.11</code>
      <details>Error on MetaData</details>
    </error>
    <error count="8">
      <code>2.2.2</code>
      <details>Invalid Graphis transparency, Soft Mask must be null or None</details>
    </error>
    <error count="325">
      <code>1.2.1</code>
      <details>Body Syntax error, Single space expected</details>
    </error>
    <error count="1">
      <code>1.4.6</code>
      <details>Trailer Syntax error, ID is different in the first and the last trailer</details>
    </error>
    <error count="22">
      <code>1.2.12</code>
      <details>Body Syntax error, This filter isn't defined in the PDF Reference Third Edition : JPXDecode</details>
    </error>
  </errors>
</preflight>
