<?xml version="1.0" encoding="UTF-8" standalone="no"?>
<preflight name="126293.pdf">
  <executionTimeMS>2074</executionTimeMS>
  <isValid type="PDF/A1-b">false</isValid>
  <errors count="339">
    <error count="3">
      <code>3.1.4</code>
      <details>Invalid Font definition, The Charset entry is missing for the Type1 Subset</details>
    </error>
    <error count="1">
      <code>3.1.6</code>
      <details>Invalid Font definition, Width of the character "133" in the font program "QGBXJF+Times-Bold"is inconsistent with the width in the PDF dictionary.</details>
    </error>
    <error count="3">
      <code>3.1.9</code>
      <details>Invalid Font definition</details>
    </error>
    <error count="174">
      <code>1.2.1</code>
      <details>Body Syntax error, Single space expected</details>
    </error>
    <error count="7">
      <code>2.4.2</code>
      <details>Invalid Color space, The operator "K" can't be used with RGB Profile</details>
    </error>
    <error count="55">
      <code>2.4.2</code>
      <details>Invalid Color space, The operator "k" can't be used with RGB Profile</details>
    </error>
    <error count="1">
      <code>1.4.6</code>
      <details>Trailer Syntax error, ID is different in the first and the last trailer</details>
    </error>
    <error count="16">
      <code>2.4.3</code>
      <details>Invalid Color space, The operator "g" can't be used without Color Profile</details>
    </error>
    <error count="4">
      <code>2.4.3</code>
      <details>Invalid Color space, The operator "f" can't be used without Color Profile</details>
    </error>
    <error count="52">
      <code>2.4.3</code>
      <details>Invalid Color space, DestOutputProfile is missing</details>
    </error>
    <error count="19">
      <code>1.2.12</code>
      <details>Body Syntax error, This filter isn't defined in the PDF Reference Third Edition : JPXDecode</details>
    </error>
    <error count="1">
      <code>7.1.1</code>
      <details>Error on MetaData, No type defined for {http://ns.adobe.com/pdf/1.3/}Trapped</details>
    </error>
    <error count="3">
      <code>3.1.11</code>
      <details>Invalid Font definition, The CIDSet entry is missing for the Composite Subset</details>
    </error>
  </errors>
</preflight>
