<?xml version="1.0" encoding="UTF-8" standalone="no"?>
<preflight name="714329.pdf">
  <executionTimeMS>3435</executionTimeMS>
  <isValid type="PDF/A1-b">false</isValid>
  <errors count="260">
    <error count="56">
      <code>3.1.6</code>
      <details>Invalid Font definition, Width of the character "128" in the font program "PNPCAI+Symbol"is inconsistent with the width in the PDF dictionary.</details>
    </error>
    <error count="1">
      <code>3.1.6</code>
      <details>Invalid Font definition, Width of the character "2" in the font program "PNPCAI+Symbol"is inconsistent with the width in the PDF dictionary.</details>
    </error>
    <error count="1">
      <code>3.1.6</code>
      <details>Invalid Font definition, Width of the character "1" in the font program "PNPCAI+Symbol"is inconsistent with the width in the PDF dictionary.</details>
    </error>
    <error count="1">
      <code>3.1.3</code>
      <details>Invalid Font definition, FontFile entry is missing from FontDescriptor for Helvetica</details>
    </error>
    <error count="1">
      <code>3.1.3</code>
      <details>Invalid Font definition, FontFile entry is missing from FontDescriptor for Times-Italic</details>
    </error>
    <error count="1">
      <code>3.1.3</code>
      <details>Invalid Font definition, FontFile entry is missing from FontDescriptor for Times-BoldItalic</details>
    </error>
    <error count="1">
      <code>3.1.3</code>
      <details>Invalid Font definition, FontFile entry is missing from FontDescriptor for Times-Bold</details>
    </error>
    <error count="1">
      <code>3.1.3</code>
      <details>Invalid Font definition, FontFile entry is missing from FontDescriptor for Times-Roman</details>
    </error>
    <error count="1">
      <code>7.2</code>
      <details>Error on MetaData, Producer present in the document catalog dictionary can't be found in XMP information (PDF schema not declared)</details>
    </error>
    <error count="1">
      <code>7.11</code>
      <details>Error on MetaData</details>
    </error>
    <error count="168">
      <code>1.2.1</code>
      <details>Body Syntax error, Single space expected</details>
    </error>
    <error count="1">
      <code>1.4.6</code>
      <details>Trailer Syntax error, ID is different in the first and the last trailer</details>
    </error>
    <error count="26">
      <code>2.4.3</code>
      <details>Invalid Color space, DestOutputProfile is missing</details>
    </error>
  </errors>
</preflight>
